<?xml version="1.0" encoding="UTF-8"?>
<!-- Generated by org.testng.reporters.JUnitReportReporter -->
<testsuite skipped="0" hostname="DELL" name="Practice1.SeleniumMavenProject.AlertHandlingTest" tests="1" failures="0" timestamp="2020-05-23T17:56:42 IST" time="16.918" errors="0">
  <testcase name="AlertTest" time="16.918" classname="Practice1.SeleniumMavenProject.AlertHandlingTest"/>
  <system-out/>
</testsuite> <!-- Practice1.SeleniumMavenProject.AlertHandlingTest -->
