<?xml version="1.0" encoding="UTF-8"?>
<!-- Generated by org.testng.reporters.JUnitReportReporter -->
<testsuite skipped="0" hostname="DELL" name="Practice1.SeleniumMavenProject.SwitchingFrames_Test" tests="1" failures="0" timestamp="2020-05-24T21:10:56 IST" time="13.775" errors="0">
  <testcase name="SwitchFrames" time="13.775" classname="Practice1.SeleniumMavenProject.SwitchingFrames_Test"/>
  <system-out/>
</testsuite> <!-- Practice1.SeleniumMavenProject.SwitchingFrames_Test -->
