<?xml version="1.0" encoding="UTF-8"?>
<!-- Generated by org.testng.reporters.JUnitReportReporter -->
<testsuite skipped="0" hostname="DELL" name="Practice1.SeleniumMavenProject.Test2" tests="1" failures="0" timestamp="2020-05-22T22:51:11 IST" time="0.000" errors="0">
  <testcase name="Demo2" time="0.000" classname="Practice1.SeleniumMavenProject.Test2"/>
  <system-out/>
</testsuite> <!-- Practice1.SeleniumMavenProject.Test2 -->
