<?xml version="1.0" encoding="UTF-8"?>
<!-- Generated by org.testng.reporters.JUnitReportReporter -->
<testsuite skipped="0" hostname="DELL" name="Practice1.SeleniumMavenProject.ClickingOnLinks" tests="1" failures="0" timestamp="2020-06-18T20:01:51 IST" time="47.921" errors="0">
  <testcase name="ClickonLink" time="47.921" classname="Practice1.SeleniumMavenProject.ClickingOnLinks"/>
  <system-out/>
</testsuite> <!-- Practice1.SeleniumMavenProject.ClickingOnLinks -->
