<?xml version="1.0" encoding="UTF-8"?>
<!-- Generated by org.testng.reporters.JUnitReportReporter -->
<testsuite skipped="0" hostname="DELL" name="Practice1.SeleniumMavenProject.ClickingOnLinks" tests="1" failures="0" timestamp="2020-06-18T17:39:11 IST" time="87.550" errors="0">
  <testcase name="ClickonLink" time="87.550" classname="Practice1.SeleniumMavenProject.ClickingOnLinks"/>
  <system-out/>
</testsuite> <!-- Practice1.SeleniumMavenProject.ClickingOnLinks -->
