<?xml version="1.0" encoding="UTF-8"?>
<!-- Generated by org.testng.reporters.JUnitReportReporter -->
<testsuite skipped="0" hostname="DELL" name="Practice1.SeleniumMavenProject.ClickingOnLinks_Test" tests="1" failures="0" timestamp="2020-05-25T15:57:32 IST" time="48.593" errors="0">
  <testcase name="ClickonLink" time="48.593" classname="Practice1.SeleniumMavenProject.ClickingOnLinks_Test"/>
  <system-out/>
</testsuite> <!-- Practice1.SeleniumMavenProject.ClickingOnLinks_Test -->
