<?xml version="1.0" encoding="UTF-8"?>
<!-- Generated by org.testng.reporters.JUnitReportReporter -->
<testsuite skipped="0" hostname="DELL" name="Practice1.SeleniumMavenProject.AlertHandling" tests="1" failures="0" timestamp="2020-06-18T17:39:11 IST" time="24.760" errors="0">
  <testcase name="AlertTest" time="24.760" classname="Practice1.SeleniumMavenProject.AlertHandling"/>
  <system-out/>
</testsuite> <!-- Practice1.SeleniumMavenProject.AlertHandling -->
