<?xml version="1.0" encoding="UTF-8"?>
<!-- Generated by org.testng.reporters.JUnitReportReporter -->
<testsuite skipped="0" hostname="DELL" name="Practice1.SeleniumMavenProject.FacebookNewTest" tests="1" failures="0" timestamp="2020-05-19T18:55:11 IST" time="15.336" errors="0">
  <testcase name="Login" time="15.336" classname="Practice1.SeleniumMavenProject.FacebookNewTest"/>
  <system-out/>
</testsuite> <!-- Practice1.SeleniumMavenProject.FacebookNewTest -->
