<?xml version="1.0" encoding="UTF-8"?>
<!-- Generated by org.testng.reporters.JUnitReportReporter -->
<testsuite skipped="0" hostname="DELL" name="Practice1.SeleniumMavenProject.SwitchingWindows" tests="1" failures="0" timestamp="2020-05-31T14:59:08 IST" time="24.181" errors="0">
  <testcase name="SwitchWindow" time="24.181" classname="Practice1.SeleniumMavenProject.SwitchingWindows"/>
  <system-out/>
</testsuite> <!-- Practice1.SeleniumMavenProject.SwitchingWindows -->
