<?xml version="1.0" encoding="UTF-8"?>
<!-- Generated by org.testng.reporters.JUnitReportReporter -->
<testsuite skipped="0" hostname="DELL" name="Practice1.SeleniumMavenProject.RahulShettyGreenKartTest" tests="1" failures="0" timestamp="2020-05-24T14:21:03 IST" time="24.537" errors="0">
  <testcase name="GreenKart" time="24.537" classname="Practice1.SeleniumMavenProject.RahulShettyGreenKartTest"/>
  <system-out/>
</testsuite> <!-- Practice1.SeleniumMavenProject.RahulShettyGreenKartTest -->
