<?xml version="1.0" encoding="UTF-8"?>
<!-- Generated by org.testng.reporters.JUnitReportReporter -->
<testsuite skipped="0" hostname="DELL" name="Practice1.SeleniumMavenProject.FacebookNew_Test" tests="1" failures="0" timestamp="2020-05-19T23:56:11 IST" time="26.229" errors="0">
  <testcase name="Login" time="26.229" classname="Practice1.SeleniumMavenProject.FacebookNew_Test"/>
  <system-out/>
</testsuite> <!-- Practice1.SeleniumMavenProject.FacebookNew_Test -->
