<?xml version="1.0" encoding="UTF-8"?>
<!-- Generated by org.testng.reporters.JUnitReportReporter -->
<testsuite skipped="0" hostname="DELL" name="Practice1.SeleniumMavenProject.MakeMyTrip_Test" tests="1" failures="0" timestamp="2020-05-21T22:39:15 IST" time="14.681" errors="0">
  <testcase name="Auto_Suggestive_Dropdown" time="14.681" classname="Practice1.SeleniumMavenProject.MakeMyTrip_Test"/>
  <system-out/>
</testsuite> <!-- Practice1.SeleniumMavenProject.MakeMyTrip_Test -->
