<?xml version="1.0" encoding="UTF-8"?>
<!-- Generated by org.testng.reporters.JUnitReportReporter -->
<testsuite skipped="0" hostname="DELL" name="Practice1.SeleniumMavenProject.SwitchingWindows_Test" tests="1" failures="0" timestamp="2020-05-24T20:49:59 IST" time="17.528" errors="0">
  <testcase name="SwitchWindow" time="17.528" classname="Practice1.SeleniumMavenProject.SwitchingWindows_Test"/>
  <system-out/>
</testsuite> <!-- Practice1.SeleniumMavenProject.SwitchingWindows_Test -->
