<?xml version="1.0" encoding="UTF-8"?>
<!-- Generated by org.testng.reporters.JUnitReportReporter -->
<testsuite skipped="0" hostname="DELL" name="Practice1.SeleniumMavenProject.TestFacebookNew" tests="1" failures="0" timestamp="2020-05-19T23:52:09 IST" time="15.440" errors="0">
  <testcase name="Login" time="15.440" classname="Practice1.SeleniumMavenProject.TestFacebookNew"/>
  <system-out/>
</testsuite> <!-- Practice1.SeleniumMavenProject.TestFacebookNew -->
