<?xml version="1.0" encoding="UTF-8"?>
<!-- Generated by org.testng.reporters.JUnitReportReporter -->
<testsuite skipped="0" hostname="DELL" name="Practice1.SeleniumMavenProject.HandlingCalendar_Test" tests="1" failures="0" timestamp="2020-05-26T10:54:23 IST" time="28.222" errors="0">
  <testcase name="HandlingCalendar" time="28.222" classname="Practice1.SeleniumMavenProject.HandlingCalendar_Test"/>
  <system-out/>
</testsuite> <!-- Practice1.SeleniumMavenProject.HandlingCalendar_Test -->
