<?xml version="1.0" encoding="UTF-8"?>
<!-- Generated by org.testng.reporters.JUnitReportReporter -->
<testsuite skipped="0" hostname="DELL" name="Practice1.SeleniumMavenProject.SpiceJet" tests="1" failures="0" timestamp="2020-05-31T14:59:08 IST" time="48.369" errors="0">
  <testcase name="Dropdown_Selection" time="48.369" classname="Practice1.SeleniumMavenProject.SpiceJet"/>
  <system-out/>
</testsuite> <!-- Practice1.SeleniumMavenProject.SpiceJet -->
