<?xml version="1.0" encoding="UTF-8"?>
<!-- Generated by org.testng.reporters.JUnitReportReporter -->
<testsuite skipped="0" hostname="DELL" name="Practice1.SeleniumMavenProject.Amazon_Action_Test" tests="1" failures="0" timestamp="2020-05-24T17:54:43 IST" time="16.261" errors="0">
  <testcase name="Action" time="16.261" classname="Practice1.SeleniumMavenProject.Amazon_Action_Test"/>
  <system-out/>
</testsuite> <!-- Practice1.SeleniumMavenProject.Amazon_Action_Test -->
