<?xml version="1.0" encoding="UTF-8"?>
<!-- Generated by org.testng.reporters.JUnitReportReporter -->
<testsuite skipped="0" hostname="DELL" name="Practice1.SeleniumMavenProject.SwitchingFrames" tests="1" failures="0" timestamp="2020-05-31T14:59:08 IST" time="38.713" errors="0">
  <testcase name="SwitchFrames" time="38.713" classname="Practice1.SeleniumMavenProject.SwitchingFrames"/>
  <system-out/>
</testsuite> <!-- Practice1.SeleniumMavenProject.SwitchingFrames -->
