<?xml version="1.0" encoding="UTF-8"?>
<!-- Generated by org.testng.reporters.JUnitReportReporter -->
<testsuite skipped="0" hostname="DELL" name="Practice1.SeleniumMavenProject.SpiceJet_Test" tests="1" failures="0" timestamp="2020-05-23T15:39:54 IST" time="50.203" errors="0">
  <testcase name="Dropdown_Selection" time="50.203" classname="Practice1.SeleniumMavenProject.SpiceJet_Test"/>
  <system-out/>
</testsuite> <!-- Practice1.SeleniumMavenProject.SpiceJet_Test -->
