<?xml version="1.0" encoding="UTF-8"?>
<!-- Generated by org.testng.reporters.JUnitReportReporter -->
<testsuite skipped="0" hostname="DELL" name="Practice1.SeleniumMavenProject.ClickingOnLinks" tests="1" failures="0" timestamp="2020-05-31T13:49:12 IST" time="63.155" errors="0">
  <testcase name="ClickonLink" time="63.155" classname="Practice1.SeleniumMavenProject.ClickingOnLinks"/>
  <system-out/>
</testsuite> <!-- Practice1.SeleniumMavenProject.ClickingOnLinks -->
