<?xml version="1.0" encoding="UTF-8"?>
<!-- Generated by org.testng.reporters.JUnitReportReporter -->
<testsuite skipped="0" hostname="DELL" name="Practice1.SeleniumMavenProject.Tes1" tests="1" failures="0" timestamp="2020-06-18T01:46:17 IST" time="0.010" errors="0">
  <testcase name="demotestng" time="0.010" classname="Practice1.SeleniumMavenProject.Tes1"/>
  <system-out/>
</testsuite> <!-- Practice1.SeleniumMavenProject.Tes1 -->
