<?xml version="1.0" encoding="UTF-8"?>
<!-- Generated by org.testng.reporters.JUnitReportReporter -->
<testsuite skipped="0" hostname="DELL" name="Practice1.SeleniumMavenProject.SwitchingWindows" tests="1" failures="0" timestamp="2020-06-18T01:46:17 IST" time="21.110" errors="0">
  <testcase name="SwitchWindow" time="21.110" classname="Practice1.SeleniumMavenProject.SwitchingWindows"/>
  <system-out/>
</testsuite> <!-- Practice1.SeleniumMavenProject.SwitchingWindows -->
