<?xml version="1.0" encoding="UTF-8"?>
<!-- Generated by org.testng.reporters.JUnitReportReporter -->
<testsuite skipped="0" hostname="DELL" name="Practice1.SeleniumMavenProject.SwitchingWindows" tests="1" failures="0" timestamp="2020-05-31T13:49:12 IST" time="20.660" errors="0">
  <testcase name="SwitchWindow" time="20.660" classname="Practice1.SeleniumMavenProject.SwitchingWindows"/>
  <system-out/>
</testsuite> <!-- Practice1.SeleniumMavenProject.SwitchingWindows -->
