<?xml version="1.0" encoding="UTF-8"?>
<!-- Generated by org.testng.reporters.JUnitReportReporter -->
<testsuite skipped="0" hostname="DELL" name="Practice1.SeleniumMavenProject.Facebook" tests="1" failures="0" timestamp="2020-05-31T13:49:12 IST" time="57.832" errors="0">
  <testcase name="Login" time="57.832" classname="Practice1.SeleniumMavenProject.Facebook"/>
  <system-out/>
</testsuite> <!-- Practice1.SeleniumMavenProject.Facebook -->
