<?xml version="1.0" encoding="UTF-8"?>
<!-- Generated by org.testng.reporters.JUnitReportReporter -->
<testsuite skipped="0" hostname="DELL" name="Practice1.SeleniumMavenProject.RahulShettyGreenKart" tests="1" failures="0" timestamp="2020-06-13T15:51:49 IST" time="23.174" errors="0">
  <testcase name="GreenKart" time="23.174" classname="Practice1.SeleniumMavenProject.RahulShettyGreenKart"/>
  <system-out/>
</testsuite> <!-- Practice1.SeleniumMavenProject.RahulShettyGreenKart -->
