<?xml version="1.0" encoding="UTF-8"?>
<!-- Generated by org.testng.reporters.JUnitReportReporter -->
<testsuite skipped="0" hostname="DELL" name="Practice1.SeleniumMavenProject.Tes3" tests="1" failures="0" timestamp="2020-06-18T01:46:17 IST" time="0.008" errors="0">
  <testcase name="Demo3" time="0.008" classname="Practice1.SeleniumMavenProject.Tes3"/>
  <system-out/>
</testsuite> <!-- Practice1.SeleniumMavenProject.Tes3 -->
