<?xml version="1.0" encoding="UTF-8"?>
<!-- Generated by org.testng.reporters.JUnitReportReporter -->
<testsuite skipped="0" hostname="DELL" name="Practice1.SeleniumMavenProject.RahulShettyGreenKart" tests="1" failures="0" timestamp="2020-06-07T15:43:04 IST" time="22.192" errors="0">
  <testcase name="GreenKart" time="22.192" classname="Practice1.SeleniumMavenProject.RahulShettyGreenKart"/>
  <system-out/>
</testsuite> <!-- Practice1.SeleniumMavenProject.RahulShettyGreenKart -->
